Classic Timing Analyzer report for fenpinqi
Tue Dec 23 15:48:16 2014
Quartus II Version 9.1 Build 222 10/21/2009 SJ Full Version


---------------------
; Table of Contents ;
---------------------
  1. Legal Notice
  2. Timing Analyzer Summary
  3. Timing Analyzer Settings
  4. Clock Settings Summary
  5. Parallel Compilation
  6. Clock Setup: 'clk'
  7. tsu
  8. tco
  9. th
 10. Timing Analyzer Messages



----------------
; Legal Notice ;
----------------
Copyright (C) 1991-2009 Altera Corporation
Your use of Altera Corporation's design tools, logic functions 
and other software and tools, and its AMPP partner logic 
functions, and any output files from any of the foregoing 
(including device programming or simulation files), and any 
associated documentation or information are expressly subject 
to the terms and conditions of the Altera Program License 
Subscription Agreement, Altera MegaCore Function License 
Agreement, or other applicable license agreement, including, 
without limitation, that your use is for the sole purpose of 
programming logic devices manufactured by Altera and sold by 
Altera or its authorized distributors.  Please refer to the 
applicable agreement for further details.



+------------------------------------------------------------------------------------------------------------------------------------------------------------------------+
; Timing Analyzer Summary                                                                                                                                                ;
+------------------------------+-------+---------------+------------------------------------------------+------------+------------+------------+----------+--------------+
; Type                         ; Slack ; Required Time ; Actual Time                                    ; From       ; To         ; From Clock ; To Clock ; Failed Paths ;
+------------------------------+-------+---------------+------------------------------------------------+------------+------------+------------+----------+--------------+
; Worst-case tsu               ; N/A   ; None          ; 4.103 ns                                       ; clr        ; counter[1] ; --         ; clk      ; 0            ;
; Worst-case tco               ; N/A   ; None          ; 6.842 ns                                       ; q~reg0     ; q          ; clk        ; --       ; 0            ;
; Worst-case th                ; N/A   ; None          ; -4.046 ns                                      ; clr        ; q~reg0     ; --         ; clk      ; 0            ;
; Clock Setup: 'clk'           ; N/A   ; None          ; Restricted to 275.03 MHz ( period = 3.636 ns ) ; counter[1] ; counter[0] ; clk        ; clk      ; 0            ;
; Total number of failed paths ;       ;               ;                                                ;            ;            ;            ;          ; 0            ;
+------------------------------+-------+---------------+------------------------------------------------+------------+------------+------------+----------+--------------+


+-----------------------------------------------------------------------------------------------------------------------------------------------------+
; Timing Analyzer Settings                                                                                                                            ;
+------------------------------------------------------------------------------------------------------+--------------------+------+----+-------------+
; Option                                                                                               ; Setting            ; From ; To ; Entity Name ;
+------------------------------------------------------------------------------------------------------+--------------------+------+----+-------------+
; Device Name                                                                                          ; EP1C20F400C8       ;      ;    ;             ;
; Timing Models                                                                                        ; Final              ;      ;    ;             ;
; Default hold multicycle                                                                              ; Same as Multicycle ;      ;    ;             ;
; Cut paths between unrelated clock domains                                                            ; On                 ;      ;    ;             ;
; Cut off read during write signal paths                                                               ; On                 ;      ;    ;             ;
; Cut off feedback from I/O pins                                                                       ; On                 ;      ;    ;             ;
; Report Combined Fast/Slow Timing                                                                     ; Off                ;      ;    ;             ;
; Ignore Clock Settings                                                                                ; Off                ;      ;    ;             ;
; Analyze latches as synchronous elements                                                              ; On                 ;      ;    ;             ;
; Enable Recovery/Removal analysis                                                                     ; Off                ;      ;    ;             ;
; Enable Clock Latency                                                                                 ; Off                ;      ;    ;             ;
; Use TimeQuest Timing Analyzer                                                                        ; Off                ;      ;    ;             ;
; Minimum Core Junction Temperature                                                                    ; 0                  ;      ;    ;             ;
; Maximum Core Junction Temperature                                                                    ; 85                 ;      ;    ;             ;
; Number of source nodes to report per destination node                                                ; 10                 ;      ;    ;             ;
; Number of destination nodes to report                                                                ; 10                 ;      ;    ;             ;
; Number of paths to report                                                                            ; 200                ;      ;    ;             ;
; Report Minimum Timing Checks                                                                         ; Off                ;      ;    ;             ;
; Use Fast Timing Models                                                                               ; Off                ;      ;    ;             ;
; Report IO Paths Separately                                                                           ; Off                ;      ;    ;             ;
; Perform Multicorner Analysis                                                                         ; Off                ;      ;    ;             ;
; Reports the worst-case path for each clock domain and analysis                                       ; Off                ;      ;    ;             ;
; Reports worst-case timing paths for each clock domain and analysis                                   ; On                 ;      ;    ;             ;
; Specifies the maximum number of worst-case timing paths to report for each clock domain and analysis ; 100                ;      ;    ;             ;
; Removes common clock path pessimism (CCPP) during slack computation                                  ; Off                ;      ;    ;             ;
; Output I/O Timing Endpoint                                                                           ; Near End           ;      ;    ;             ;
+------------------------------------------------------------------------------------------------------+--------------------+------+----+-------------+


+------------------------------------------------------------------------------------------------------------------------------------------------------------------------------------+
; Clock Settings Summary                                                                                                                                                             ;
+-----------------+--------------------+----------+------------------+---------------+--------------+----------+-----------------------+---------------------+--------+--------------+
; Clock Node Name ; Clock Setting Name ; Type     ; Fmax Requirement ; Early Latency ; Late Latency ; Based on ; Multiply Base Fmax by ; Divide Base Fmax by ; Offset ; Phase offset ;
+-----------------+--------------------+----------+------------------+---------------+--------------+----------+-----------------------+---------------------+--------+--------------+
; clk             ;                    ; User Pin ; None             ; 0.000 ns      ; 0.000 ns     ; --       ; N/A                   ; N/A                 ; N/A    ;              ;
+-----------------+--------------------+----------+------------------+---------------+--------------+----------+-----------------------+---------------------+--------+--------------+


+------------------------------------------+
; Parallel Compilation                     ;
+----------------------------+-------------+
; Processors                 ; Number      ;
+----------------------------+-------------+
; Number detected on machine ; 2           ;
; Maximum allowed            ; 2           ;
;                            ;             ;
; Average used               ; 1.00        ;
; Maximum used               ; 1           ;
;                            ;             ;
; Usage by Processor         ; % Time Used ;
;     1 processor            ; 100.0%      ;
;     2 processors           ;   0.0%      ;
+----------------------------+-------------+


+----------------------------------------------------------------------------------------------------------------------------------------------------------------------------------------------+
; Clock Setup: 'clk'                                                                                                                                                                           ;
+-------+------------------------------------------------+------------+------------+------------+----------+-----------------------------+---------------------------+-------------------------+
; Slack ; Actual fmax (period)                           ; From       ; To         ; From Clock ; To Clock ; Required Setup Relationship ; Required Longest P2P Time ; Actual Longest P2P Time ;
+-------+------------------------------------------------+------------+------------+------------+----------+-----------------------------+---------------------------+-------------------------+
; N/A   ; Restricted to 275.03 MHz ( period = 3.636 ns ) ; counter[1] ; counter[0] ; clk        ; clk      ; None                        ; None                      ; 1.134 ns                ;
; N/A   ; Restricted to 275.03 MHz ( period = 3.636 ns ) ; counter[0] ; q~reg0     ; clk        ; clk      ; None                        ; None                      ; 1.132 ns                ;
; N/A   ; Restricted to 275.03 MHz ( period = 3.636 ns ) ; counter[0] ; counter[1] ; clk        ; clk      ; None                        ; None                      ; 1.041 ns                ;
; N/A   ; Restricted to 275.03 MHz ( period = 3.636 ns ) ; counter[0] ; counter[0] ; clk        ; clk      ; None                        ; None                      ; 1.041 ns                ;
; N/A   ; Restricted to 275.03 MHz ( period = 3.636 ns ) ; q~reg0     ; q~reg0     ; clk        ; clk      ; None                        ; None                      ; 1.014 ns                ;
; N/A   ; Restricted to 275.03 MHz ( period = 3.636 ns ) ; counter[1] ; q~reg0     ; clk        ; clk      ; None                        ; None                      ; 0.855 ns                ;
; N/A   ; Restricted to 275.03 MHz ( period = 3.636 ns ) ; counter[1] ; counter[1] ; clk        ; clk      ; None                        ; None                      ; 0.848 ns                ;
+-------+------------------------------------------------+------------+------------+------------+----------+-----------------------------+---------------------------+-------------------------+


+------------------------------------------------------------------+
; tsu                                                              ;
+-------+--------------+------------+------+------------+----------+
; Slack ; Required tsu ; Actual tsu ; From ; To         ; To Clock ;
+-------+--------------+------------+------+------------+----------+
; N/A   ; None         ; 4.103 ns   ; clr  ; counter[1] ; clk      ;
; N/A   ; None         ; 4.102 ns   ; clr  ; counter[0] ; clk      ;
; N/A   ; None         ; 4.098 ns   ; clr  ; q~reg0     ; clk      ;
+-------+--------------+------------+------+------------+----------+


+--------------------------------------------------------------+
; tco                                                          ;
+-------+--------------+------------+--------+----+------------+
; Slack ; Required tco ; Actual tco ; From   ; To ; From Clock ;
+-------+--------------+------------+--------+----+------------+
; N/A   ; None         ; 6.842 ns   ; q~reg0 ; q  ; clk        ;
+-------+--------------+------------+--------+----+------------+


+------------------------------------------------------------------------+
; th                                                                     ;
+---------------+-------------+-----------+------+------------+----------+
; Minimum Slack ; Required th ; Actual th ; From ; To         ; To Clock ;
+---------------+-------------+-----------+------+------------+----------+
; N/A           ; None        ; -4.046 ns ; clr  ; q~reg0     ; clk      ;
; N/A           ; None        ; -4.050 ns ; clr  ; counter[0] ; clk      ;
; N/A           ; None        ; -4.051 ns ; clr  ; counter[1] ; clk      ;
+---------------+-------------+-----------+------+------------+----------+


+--------------------------+
; Timing Analyzer Messages ;
+--------------------------+
Info: *******************************************************************
Info: Running Quartus II Classic Timing Analyzer
    Info: Version 9.1 Build 222 10/21/2009 SJ Full Version
    Info: Processing started: Tue Dec 23 15:48:16 2014
Info: Command: quartus_tan --read_settings_files=off --write_settings_files=off fenpinqi -c fenpinqi --timing_analysis_only
Info: Parallel compilation is enabled and will use 2 of the 2 processors detected
Warning: Found pins functioning as undefined clocks and/or memory enables
    Info: Assuming node "clk" is an undefined clock
Info: Clock "clk" Internal fmax is restricted to 275.03 MHz between source register "counter[1]" and destination register "counter[0]"
    Info: fmax restricted to Clock High delay (1.818 ns) plus Clock Low delay (1.818 ns) : restricted to 3.636 ns. Expand message to see actual delay path.
        Info: + Longest register to register delay is 1.134 ns
            Info: 1: + IC(0.000 ns) + CELL(0.000 ns) = 0.000 ns; Loc. = LC_X26_Y32_N5; Fanout = 3; REG Node = 'counter[1]'
            Info: 2: + IC(0.527 ns) + CELL(0.607 ns) = 1.134 ns; Loc. = LC_X26_Y32_N8; Fanout = 3; REG Node = 'counter[0]'
            Info: Total cell delay = 0.607 ns ( 53.53 % )
            Info: Total interconnect delay = 0.527 ns ( 46.47 % )
        Info: - Smallest clock skew is 0.000 ns
            Info: + Shortest clock path from clock "clk" to destination register is 3.213 ns
                Info: 1: + IC(0.000 ns) + CELL(1.469 ns) = 1.469 ns; Loc. = PIN_K6; Fanout = 3; CLK Node = 'clk'
                Info: 2: + IC(1.033 ns) + CELL(0.711 ns) = 3.213 ns; Loc. = LC_X26_Y32_N8; Fanout = 3; REG Node = 'counter[0]'
                Info: Total cell delay = 2.180 ns ( 67.85 % )
                Info: Total interconnect delay = 1.033 ns ( 32.15 % )
            Info: - Longest clock path from clock "clk" to source register is 3.213 ns
                Info: 1: + IC(0.000 ns) + CELL(1.469 ns) = 1.469 ns; Loc. = PIN_K6; Fanout = 3; CLK Node = 'clk'
                Info: 2: + IC(1.033 ns) + CELL(0.711 ns) = 3.213 ns; Loc. = LC_X26_Y32_N5; Fanout = 3; REG Node = 'counter[1]'
                Info: Total cell delay = 2.180 ns ( 67.85 % )
                Info: Total interconnect delay = 1.033 ns ( 32.15 % )
        Info: + Micro clock to output delay of source is 0.224 ns
        Info: + Micro setup delay of destination is 0.037 ns
Info: tsu for register "counter[1]" (data pin = "clr", clock pin = "clk") is 4.103 ns
    Info: + Longest pin to register delay is 7.279 ns
        Info: 1: + IC(0.000 ns) + CELL(1.475 ns) = 1.475 ns; Loc. = PIN_A9; Fanout = 3; PIN Node = 'clr'
        Info: 2: + IC(5.066 ns) + CELL(0.738 ns) = 7.279 ns; Loc. = LC_X26_Y32_N5; Fanout = 3; REG Node = 'counter[1]'
        Info: Total cell delay = 2.213 ns ( 30.40 % )
        Info: Total interconnect delay = 5.066 ns ( 69.60 % )
    Info: + Micro setup delay of destination is 0.037 ns
    Info: - Shortest clock path from clock "clk" to destination register is 3.213 ns
        Info: 1: + IC(0.000 ns) + CELL(1.469 ns) = 1.469 ns; Loc. = PIN_K6; Fanout = 3; CLK Node = 'clk'
        Info: 2: + IC(1.033 ns) + CELL(0.711 ns) = 3.213 ns; Loc. = LC_X26_Y32_N5; Fanout = 3; REG Node = 'counter[1]'
        Info: Total cell delay = 2.180 ns ( 67.85 % )
        Info: Total interconnect delay = 1.033 ns ( 32.15 % )
Info: tco from clock "clk" to destination pin "q" through register "q~reg0" is 6.842 ns
    Info: + Longest clock path from clock "clk" to source register is 3.213 ns
        Info: 1: + IC(0.000 ns) + CELL(1.469 ns) = 1.469 ns; Loc. = PIN_K6; Fanout = 3; CLK Node = 'clk'
        Info: 2: + IC(1.033 ns) + CELL(0.711 ns) = 3.213 ns; Loc. = LC_X26_Y32_N2; Fanout = 2; REG Node = 'q~reg0'
        Info: Total cell delay = 2.180 ns ( 67.85 % )
        Info: Total interconnect delay = 1.033 ns ( 32.15 % )
    Info: + Micro clock to output delay of source is 0.224 ns
    Info: + Longest register to pin delay is 3.405 ns
        Info: 1: + IC(0.000 ns) + CELL(0.000 ns) = 0.000 ns; Loc. = LC_X26_Y32_N2; Fanout = 2; REG Node = 'q~reg0'
        Info: 2: + IC(1.297 ns) + CELL(2.108 ns) = 3.405 ns; Loc. = PIN_B9; Fanout = 0; PIN Node = 'q'
        Info: Total cell delay = 2.108 ns ( 61.91 % )
        Info: Total interconnect delay = 1.297 ns ( 38.09 % )
Info: th for register "q~reg0" (data pin = "clr", clock pin = "clk") is -4.046 ns
    Info: + Longest clock path from clock "clk" to destination register is 3.213 ns
        Info: 1: + IC(0.000 ns) + CELL(1.469 ns) = 1.469 ns; Loc. = PIN_K6; Fanout = 3; CLK Node = 'clk'
        Info: 2: + IC(1.033 ns) + CELL(0.711 ns) = 3.213 ns; Loc. = LC_X26_Y32_N2; Fanout = 2; REG Node = 'q~reg0'
        Info: Total cell delay = 2.180 ns ( 67.85 % )
        Info: Total interconnect delay = 1.033 ns ( 32.15 % )
    Info: + Micro hold delay of destination is 0.015 ns
    Info: - Shortest pin to register delay is 7.274 ns
        Info: 1: + IC(0.000 ns) + CELL(1.475 ns) = 1.475 ns; Loc. = PIN_A9; Fanout = 3; PIN Node = 'clr'
        Info: 2: + IC(5.061 ns) + CELL(0.738 ns) = 7.274 ns; Loc. = LC_X26_Y32_N2; Fanout = 2; REG Node = 'q~reg0'
        Info: Total cell delay = 2.213 ns ( 30.42 % )
        Info: Total interconnect delay = 5.061 ns ( 69.58 % )
Info: Quartus II Classic Timing Analyzer was successful. 0 errors, 1 warning
    Info: Peak virtual memory: 157 megabytes
    Info: Processing ended: Tue Dec 23 15:48:16 2014
    Info: Elapsed time: 00:00:00
    Info: Total CPU time (on all processors): 00:00:01


